<?xml version="1.0" encoding="UTF-8"?>
<!-- Generated by org.testng.reporters.JUnitXMLReporter -->
<testsuite hostname="Pranab" ignored="0" name="DummyTestA" tests="3" failures="1" timestamp="13 Apr 2017 21:08:02 GMT" time="0.487" errors="0">
  <testcase name="TestA1" time="0.017" classname="com.qtpselenium.core.ddf.testcases.DummyTestA">
    <failure type="java.lang.AssertionError" message="null">
      <![CDATA[java.lang.AssertionError: null
	at com.qtpselenium.core.ddf.testcases.DummyTestA.TestA1(DummyTestA.java:20)
... Removed 27 stack frames]]>
    </failure>
  </testcase> <!-- TestA1 -->
  <testcase name="TestA2" time="0.0" classname="com.qtpselenium.core.ddf.testcases.DummyTestA">
    <skipped/>
  </testcase> <!-- TestA2 -->
  <testcase name="TestA3" time="0.0" classname="com.qtpselenium.core.ddf.testcases.DummyTestA">
    <skipped/>
  </testcase> <!-- TestA3 -->
</testsuite> <!-- DummyTestA -->
