<?xml version="1.0" encoding="UTF-8"?>
<!-- Generated by org.testng.reporters.JUnitXMLReporter -->
<testsuite hostname="Pranab" ignored="0" name="DummyTestB" tests="1" failures="1" timestamp="13 Apr 2017 21:08:25 GMT" time="23.608" errors="0">
  <testcase name="TestB" time="23.485" classname="com.qtpselenium.core.ddf.testcases.DummyTestB">
    <failure type="java.lang.AssertionError" message="Failed Test CaseUnable to find element with xpath == //*[@id=&amp;apos;Email&amp;apos;] (WARNING: The server did not provide any stacktrace information)
Command duration or timeout: 20.22 seconds
For documentation on this error, please visit: http://seleniumhq.org/exceptions/no_such_element.html
Build info: version: &amp;apos;3.3.1&amp;apos;, revision: &amp;apos;5234b325d5&amp;apos;, time: &amp;apos;2017-03-10 09:10:29 +0000&amp;apos;
System info: host: &amp;apos;PRANAB&amp;apos;, ip: &amp;apos;192.168.0.103&amp;apos;, os.name: &amp;apos;Windows 10&amp;apos;, os.arch: &amp;apos;amd64&amp;apos;, os.version: &amp;apos;10.0&amp;apos;, java.version: &amp;apos;1.8.0_121&amp;apos;
Driver info: org.openqa.selenium.ie.InternetExplorerDriver
Capabilities [{browserAttachTimeout=0, ie.enableFullPageScreenshot=true, enablePersistentHover=true, ie.forceCreateProcessApi=false, ie.forceShellWindowsApi=false, pageLoadStrategy=normal, ignoreZoomSetting=false, ie.fileUploadDialogTimeout=3000, version=11, platform=WINDOWS, nativeEvents=true, ie.ensureCleanSession=false, elementScrollBehavior=0, ie.browserCommandLineSwitches=, requireWindowFocus=false, browserName=internet explorer, initialBrowserUrl=http://localhost:38187/, javascriptEnabled=true, ignoreProtectedModeSettings=false, enableElementCacheCleanup=true, unexpectedAlertBehaviour=dismiss}]
Session ID: d34dc8ce-645d-4e1d-885c-f178b05e76c1
*** Element info: {Using=xpath, value=//*[@id=&amp;apos;Email&amp;apos;]}">
      <![CDATA[java.lang.AssertionError: Failed Test CaseUnable to find element with xpath == //*[@id='Email'] (WARNING: The server did not provide any stacktrace information)
Command duration or timeout: 20.22 seconds
For documentation on this error, please visit: http://seleniumhq.org/exceptions/no_such_element.html
Build info: version: '3.3.1', revision: '5234b325d5', time: '2017-03-10 09:10:29 +0000'
System info: host: 'PRANAB', ip: '192.168.0.103', os.name: 'Windows 10', os.arch: 'amd64', os.version: '10.0', java.version: '1.8.0_121'
Driver info: org.openqa.selenium.ie.InternetExplorerDriver
Capabilities [{browserAttachTimeout=0, ie.enableFullPageScreenshot=true, enablePersistentHover=true, ie.forceCreateProcessApi=false, ie.forceShellWindowsApi=false, pageLoadStrategy=normal, ignoreZoomSetting=false, ie.fileUploadDialogTimeout=3000, version=11, platform=WINDOWS, nativeEvents=true, ie.ensureCleanSession=false, elementScrollBehavior=0, ie.browserCommandLineSwitches=, requireWindowFocus=false, browserName=internet explorer, initialBrowserUrl=http://localhost:38187/, javascriptEnabled=true, ignoreProtectedModeSettings=false, enableElementCacheCleanup=true, unexpectedAlertBehaviour=dismiss}]
Session ID: d34dc8ce-645d-4e1d-885c-f178b05e76c1
*** Element info: {Using=xpath, value=//*[@id='Email']}
	at ddfframework.Base.Base.getelement(Base.java:101)
	at ddfframework.Base.Base.Type(Base.java:118)
	at com.qtpselenium.core.ddf.testcases.DummyTestB.TestB(DummyTestB.java:19)
... Removed 26 stack frames]]>
    </failure>
  </testcase> <!-- TestB -->
</testsuite> <!-- DummyTestB -->
