<!DOCTYPE html PUBLIC "-//W3C//DTD XHTML 1.1//EN" "http://www.w3.org/TR/xhtml11/DTD/xhtml11.dtd">
<html xmlns="http://www.w3.org/1999/xhtml"><head><title>TestNG Report</title><style type="text/css">table {margin-bottom:10px;border-collapse:collapse;empty-cells:show}th,td {border:1px solid #009;padding:.25em .5em}th {vertical-align:bottom}td {vertical-align:top}table a {font-weight:bold}.stripe td {background-color: #E6EBF9}.num {text-align:right}.passedodd td {background-color: #3F3}.passedeven td {background-color: #0A0}.skippedodd td {background-color: #DDD}.skippedeven td {background-color: #CCC}.failedodd td,.attn {background-color: #F33}.failedeven td,.stripe .attn {background-color: #D00}.stacktrace {white-space:pre;font-family:monospace}.totop {font-size:85%;text-align:center;border-bottom:2px solid #000}</style></head><body><table><tr><th>Test</th><th># Passed</th><th># Skipped</th><th># Failed</th><th>Time (ms)</th><th>Included Groups</th><th>Excluded Groups</th></tr><tr><th colspan="7">My Sample Suite</th></tr><tr><td><a href="#t0">Application_Test</a></td><td class="num">0</td><td class="num attn">2</td><td class="num attn">1</td><td class="num">64</td><td></td><td></td></tr><tr class="stripe"><td><a href="#t1">LoginTest</a></td><td class="num">3</td><td class="num">0</td><td class="num">0</td><td class="num">6</td><td></td><td></td></tr><tr><td><a href="#t2">RegTest</a></td><td class="num">0</td><td class="num">0</td><td class="num attn">1</td><td class="num">14</td><td></td><td></td></tr><tr><th>Total</th><th class="num">3</th><th class="num attn">2</th><th class="num attn">2</th><th class="num">84</th><th colspan="2"></th></tr></table><table id='summary'><thead><tr><th>Class</th><th>Method</th><th>Start</th><th>Time (ms)</th></tr></thead><tbody><tr><th colspan="4">My Sample Suite</th></tr></tbody><tbody id="t0"><tr><th colspan="4">Application_Test &#8212; failed</th></tr><tr class="failedeven"><td rowspan="1">TestCases.Application_Test</td><td><a href="#m0">doLogin</a></td><td rowspan="1">1492067277786</td><td rowspan="1">15</td></tr><tr><th colspan="4">Application_Test &#8212; skipped</th></tr><tr class="skippedeven"><td rowspan="2">TestCases.Application_Test</td><td><a href="#m1">doLogout</a></td><td rowspan="1">1492067277804</td><td rowspan="1">0</td></tr><tr class="skippedeven"><td><a href="#m2">doPasswordchange</a></td><td rowspan="1">1492067277803</td><td rowspan="1">0</td></tr></tbody><tbody id="t1"><tr><th colspan="4">LoginTest &#8212; passed</th></tr><tr class="passedeven"><td rowspan="3">TestCases.LoginTest</td><td><a href="#m3">doLoginTest</a></td><td rowspan="3">1492067277992</td><td rowspan="3">0</td></tr><tr class="passedeven"><td><a href="#m4">doLoginTest</a></td></tr><tr class="passedeven"><td><a href="#m5">doLoginTest</a></td></tr></tbody><tbody id="t2"><tr><th colspan="4">RegTest &#8212; failed</th></tr><tr class="failedeven"><td rowspan="1">TestCases.RegTest</td><td><a href="#m6">doRegisTest</a></td><td rowspan="1">1492067278026</td><td rowspan="1">14</td></tr></tbody></table><h2>Application_Test</h2><h3 id="m0">TestCases.Application_Test#doLogin</h3><table class="result"><tr><th>Exception</th></tr><tr><td><div class="stacktrace">java.lang.AssertionError: The following asserts failed:
	Error message 
	at TestCases.Application_Test.doLogin(Application_Test.java:46)
... Removed 25 stack frames</div></td></tr></table><p class="totop"><a href="#summary">back to summary</a></p><h3 id="m1">TestCases.Application_Test#doLogout</h3><table class="result"><tr><th>Exception</th></tr><tr><td><div class="stacktrace">java.lang.Throwable: Method Application_Test.doLogout()[pri:3, instance:TestCases.Application_Test@483bf400] depends on not successfully finished methods
... Removed 17 stack frames</div></td></tr></table><p class="totop"><a href="#summary">back to summary</a></p><h3 id="m2">TestCases.Application_Test#doPasswordchange</h3><table class="result"><tr><th>Exception</th></tr><tr><td><div class="stacktrace">java.lang.Throwable: Method Application_Test.doPasswordchange()[pri:2, instance:TestCases.Application_Test@483bf400] depends on not successfully finished methods
... Removed 17 stack frames</div></td></tr></table><p class="totop"><a href="#summary">back to summary</a></p><h2>LoginTest</h2><h3 id="m3">TestCases.LoginTest#doLoginTest</h3><table class="result"><tr class="param"><th>Parameter #1</th><th>Parameter #2</th><th>Parameter #3</th><th>Parameter #4</th><th>Parameter #5</th></tr><tr class="param stripe"><td>U2</td><td>P2</td><td>Pass</td><td>Chrome</td><td>14835678</td></tr></table><p class="totop"><a href="#summary">back to summary</a></p><h3 id="m4">TestCases.LoginTest#doLoginTest</h3><table class="result"><tr class="param"><th>Parameter #1</th><th>Parameter #2</th><th>Parameter #3</th><th>Parameter #4</th><th>Parameter #5</th></tr><tr class="param stripe"><td>U1</td><td>P1</td><td>Pass</td><td>Mozilla</td><td>12345678</td></tr></table><p class="totop"><a href="#summary">back to summary</a></p><h3 id="m5">TestCases.LoginTest#doLoginTest</h3><table class="result"><tr class="param"><th>Parameter #1</th><th>Parameter #2</th><th>Parameter #3</th><th>Parameter #4</th><th>Parameter #5</th></tr><tr class="param stripe"><td>U3</td><td>P3</td><td>Fail</td><td>IE</td><td>54875678</td></tr></table><p class="totop"><a href="#summary">back to summary</a></p><h2>RegTest</h2><h3 id="m6">TestCases.RegTest#doRegisTest</h3><table class="result"><tr><th>Exception</th></tr><tr><td><div class="stacktrace">java.lang.AssertionError: Error Message
	at TestCases.RegTest.doRegisTest(RegTest.java:18)
... Removed 25 stack frames</div></td></tr></table><p class="totop"><a href="#summary">back to summary</a></p></body></html>