<?xml version="1.0" encoding="UTF-8"?>
<!-- Generated by org.testng.reporters.JUnitXMLReporter -->
<testsuite hostname="Pranab" ignored="0" name="RegTest" tests="1" failures="1" timestamp="13 Apr 2017 07:07:58 GMT" time="0.014" errors="0">
  <testcase name="doRegisTest" time="0.014" classname="TestCases.RegTest">
    <failure type="java.lang.AssertionError" message="Error Message">
      <![CDATA[java.lang.AssertionError: Error Message
	at TestCases.RegTest.doRegisTest(RegTest.java:18)
... Removed 25 stack frames]]>
    </failure>
  </testcase> <!-- doRegisTest -->
</testsuite> <!-- RegTest -->
