<html xmlns:math="http://exslt.org/math" xmlns:testng="http://testng.org">
   <head>
      <title>TestNG Results</title>
      <meta http-equiv="content-type" content="text/html; charset=utf-8"></meta>
      <meta http-equiv="pragma" content="no-cache"></meta>
      <meta http-equiv="cache-control" content="max-age=0"></meta>
      <meta http-equiv="cache-control" content="no-cache"></meta>
      <meta http-equiv="cache-control" content="no-store"></meta>
      <LINK rel="stylesheet" href="style.css"></LINK>
      <script type="text/javascript" src="main.js"></script>
   </head>
   <body>
      <table width="100%" style="font-size: 16px; margin-bottom: 10px;" cellspacing="1">
         <tr>
            <td width="100%">
               All methods in suite
               
               <b>My Sample Suite</b>
            </td>
            <td style="background-color: #FFBBBB; padding: 3px 3px 3px 0;" align="center">
               <div style="width: 50px;">2</div>
            </td>
            <td style="background-color: lightgreen; padding: 3px 3px 3px 0;" align="center">
               <div style="width: 50px;">3</div>
            </td>
            <td style="background-color: #FFFFBB; padding: 3px 3px 3px 0;" align="center">
               <div style="width: 50px;">2</div>
            </td>
            <td align="center" style="background-color: #eaf0f7; padding: 3px 3px 3px 0;">
               <div style="width: 50px;">7</div>
            </td>
            <td align="center"
                style="font-weight: bold; background-color: #eaf0f7; padding: 3px 3px 3px 0;">
               <div style="width: 50px;">43%</div>
            </td>
            <td style="background-color: #eaf0f7; padding: 3px 3px 3px 0;" align="center"
                nowrap="true">300 ms
               
            </td>
         </tr>
      </table>
      <div style="width: 200px;">
         <label for="groupMethodsCheckBox" style="font-weight: bold; margin: 0;">
            <input id="groupMethodsCheckBox" type="checkbox" onclick="switchTestMethodsView(this)"></input>
            Group by class
            
         </label>
         <br></br>
         <label for="methodsFilter_ALL" style="font-weight: bold; margin: 0;">
            <input id="methodsFilter_ALL" type="checkbox"
                   onclick="testMethodsFilterChanged(this, 'ALL')"></input>
            All
            
         </label>
      </div>
      <label for="methodsFilter_FAIL" style="margin-left: 20px;">
         <input id="methodsFilter_FAIL" type="checkbox"
                onclick="testMethodsFilterChanged(this, 'FAIL')"
                checked=""></input>
         Failed
         
      </label>
      <label for="methodsFilter_PASS">
         <input id="methodsFilter_PASS" type="checkbox"
                onclick="testMethodsFilterChanged(this, 'PASS')"
                checked=""></input>
         Passed
         
      </label>
      <label for="methodsFilter_SKIP">
         <input id="methodsFilter_SKIP" type="checkbox"
                onclick="testMethodsFilterChanged(this, 'SKIP')"
                checked=""></input>
         Skipped
         
      </label>
      <label for="methodsFilter_CONF">
         <input id="methodsFilter_CONF" type="checkbox"
                onclick="testMethodsFilterChanged(this, 'CONF')"></input>
         Config
         
      </label>
      <br></br>
      <div id="testMethodsByStatus">
         <table class="testMethodsTable" cellpadding="0" cellspacing="0">
            <tr class="methodsTableHeader">
               <td width="100%">Name</td>
               <td nowrap="true">Started</td>
               <td nowrap="true">Duration</td>
               <td>Exception</td>
            </tr>
            <tr id="TestCases.Application_Test_doLogin_byStatus_failed_FAIL1_row"
                class="testMethodStatusFAIL">
               <td width="100%" class="firstMethodCell">
                  <a onclick="toggleDetailsVisibility('TestCases.Application_Test_doLogin_byStatus_failed_FAIL1_details')">doLogin()</a>
               </td>
               <td nowrap="true">12:37:57</td>
               <td nowrap="true" align="right">15 ms
                  
               </td>
               <td nowrap="true">
                  <a onclick="toggleDetailsVisibility('TestCases.Application_Test_doLogin_byStatus_failed_FAIL1_exception')">java.lang.AssertionError: 
                     The following asserts failed:
                     	Error message 
                     
                  </a>
                   
                  
               </td>
            </tr>
            <tr>
               <td colspan="4" class="detailsBox">
                  <div id="TestCases.Application_Test_doLogin_byStatus_failed_FAIL1_details"
                       class="testMethodDetails">
                     <div>
                        <b>Name: </b>doLogin
                     </div>
                     <div>
                        <b>Signature: </b>doLogin()[pri:1, instance:TestCases.Application_Test@483bf400]
                     </div>
                     <div>
                        <b>Start time: </b>12:37:57
                     </div>
                     <div>
                        <b>End time: </b>12:37:57
                     </div>
                     <div>
                        <b>Duration: </b>15 ms
                        
                     </div>
                  </div>
               </td>
            </tr>
            <tr>
               <td colspan="4" class="detailsBox">
                  <div id="TestCases.Application_Test_doLogin_byStatus_failed_FAIL1_exception"
                       class="testMethodDetails">
                     <pre style="padding: 5px; margin: 0;">java.lang.AssertionError: The following asserts failed:
                        	Error message 
                        	at org.testng.asserts.SoftAssert.assertAll(SoftAssert.java:43)
                        	at TestCases.Application_Test.doLogin(Application_Test.java:46)
                        	at sun.reflect.NativeMethodAccessorImpl.invoke0(Native Method)
                        	at sun.reflect.NativeMethodAccessorImpl.invoke(NativeMethodAccessorImpl.java:62)
                        	at sun.reflect.DelegatingMethodAccessorImpl.invoke(DelegatingMethodAccessorImpl.java:43)
                        	at java.lang.reflect.Method.invoke(Method.java:498)
                        	at org.testng.internal.MethodInvocationHelper.invokeMethod(MethodInvocationHelper.java:108)
                        	at org.testng.internal.Invoker.invokeMethod(Invoker.java:661)
                        	at org.testng.internal.Invoker.invokeTestMethod(Invoker.java:869)
                        	at org.testng.internal.Invoker.invokeTestMethods(Invoker.java:1193)
                        	at org.testng.internal.TestMethodWorker.invokeTestMethods(TestMethodWorker.java:126)
                        	at org.testng.internal.TestMethodWorker.run(TestMethodWorker.java:109)
                        	at org.testng.TestRunner.privateRun(TestRunner.java:744)
                        	at org.testng.TestRunner.run(TestRunner.java:602)
                        	at org.testng.SuiteRunner.runTest(SuiteRunner.java:380)
                        	at org.testng.SuiteRunner.runSequentially(SuiteRunner.java:375)
                        	at org.testng.SuiteRunner.privateRun(SuiteRunner.java:340)
                        	at org.testng.SuiteRunner.run(SuiteRunner.java:289)
                        	at org.testng.SuiteRunnerWorker.runSuite(SuiteRunnerWorker.java:52)
                        	at org.testng.SuiteRunnerWorker.run(SuiteRunnerWorker.java:86)
                        	at org.testng.TestNG.runSuitesSequentially(TestNG.java:1301)
                        	at org.testng.TestNG.runSuitesLocally(TestNG.java:1226)
                        	at org.testng.TestNG.runSuites(TestNG.java:1144)
                        	at org.testng.TestNG.run(TestNG.java:1115)
                        	at org.testng.TestNG.privateMain(TestNG.java:1442)
                        	at org.testng.TestNG.main(TestNG.java:1411)
                     </pre>
                  </div>
               </td>
            </tr>
            <tr id="TestCases.RegTest_doRegisTest_byStatus_failed_FAIL2_row"
                class="testMethodStatusFAIL">
               <td width="100%" class="firstMethodCell">
                  <a onclick="toggleDetailsVisibility('TestCases.RegTest_doRegisTest_byStatus_failed_FAIL2_details')">doRegisTest()</a>
               </td>
               <td nowrap="true">12:37:58</td>
               <td nowrap="true" align="right">14 ms
                  
               </td>
               <td nowrap="true">
                  <a onclick="toggleDetailsVisibility('TestCases.RegTest_doRegisTest_byStatus_failed_FAIL2_exception')">java.lang.AssertionError: 
                     Error Message
                     
                  </a>
                   
                  
               </td>
            </tr>
            <tr>
               <td colspan="4" class="detailsBox">
                  <div id="TestCases.RegTest_doRegisTest_byStatus_failed_FAIL2_details"
                       class="testMethodDetails">
                     <div>
                        <b>Name: </b>doRegisTest
                     </div>
                     <div>
                        <b>Signature: </b>doRegisTest()[pri:0, instance:TestCases.RegTest@256216b3]
                     </div>
                     <div>
                        <b>Start time: </b>12:37:58
                     </div>
                     <div>
                        <b>End time: </b>12:37:58
                     </div>
                     <div>
                        <b>Duration: </b>14 ms
                        
                     </div>
                  </div>
               </td>
            </tr>
            <tr>
               <td colspan="4" class="detailsBox">
                  <div id="TestCases.RegTest_doRegisTest_byStatus_failed_FAIL2_exception"
                       class="testMethodDetails">
                     <pre style="padding: 5px; margin: 0;">java.lang.AssertionError: Error Message
                        	at org.testng.Assert.fail(Assert.java:93)
                        	at TestCases.RegTest.doRegisTest(RegTest.java:18)
                        	at sun.reflect.NativeMethodAccessorImpl.invoke0(Native Method)
                        	at sun.reflect.NativeMethodAccessorImpl.invoke(NativeMethodAccessorImpl.java:62)
                        	at sun.reflect.DelegatingMethodAccessorImpl.invoke(DelegatingMethodAccessorImpl.java:43)
                        	at java.lang.reflect.Method.invoke(Method.java:498)
                        	at org.testng.internal.MethodInvocationHelper.invokeMethod(MethodInvocationHelper.java:108)
                        	at org.testng.internal.Invoker.invokeMethod(Invoker.java:661)
                        	at org.testng.internal.Invoker.invokeTestMethod(Invoker.java:869)
                        	at org.testng.internal.Invoker.invokeTestMethods(Invoker.java:1193)
                        	at org.testng.internal.TestMethodWorker.invokeTestMethods(TestMethodWorker.java:126)
                        	at org.testng.internal.TestMethodWorker.run(TestMethodWorker.java:109)
                        	at org.testng.TestRunner.privateRun(TestRunner.java:744)
                        	at org.testng.TestRunner.run(TestRunner.java:602)
                        	at org.testng.SuiteRunner.runTest(SuiteRunner.java:380)
                        	at org.testng.SuiteRunner.runSequentially(SuiteRunner.java:375)
                        	at org.testng.SuiteRunner.privateRun(SuiteRunner.java:340)
                        	at org.testng.SuiteRunner.run(SuiteRunner.java:289)
                        	at org.testng.SuiteRunnerWorker.runSuite(SuiteRunnerWorker.java:52)
                        	at org.testng.SuiteRunnerWorker.run(SuiteRunnerWorker.java:86)
                        	at org.testng.TestNG.runSuitesSequentially(TestNG.java:1301)
                        	at org.testng.TestNG.runSuitesLocally(TestNG.java:1226)
                        	at org.testng.TestNG.runSuites(TestNG.java:1144)
                        	at org.testng.TestNG.run(TestNG.java:1115)
                        	at org.testng.TestNG.privateMain(TestNG.java:1442)
                        	at org.testng.TestNG.main(TestNG.java:1411)
                     </pre>
                  </div>
               </td>
            </tr>
            <tr id="TestCases.Application_Test_beforetest_byStatus_passed_PASS1_row"
                class="testMethodStatusPASS testMethodStatusCONF">
               <td width="100%" class="firstMethodCell">
                  <a onclick="toggleDetailsVisibility('TestCases.Application_Test_beforetest_byStatus_passed_PASS1_details')">beforetest()</a>
               </td>
               <td nowrap="true">12:37:57</td>
               <td nowrap="true" align="right">1 ms
                  
               </td>
               <td nowrap="true">
                   
                  
               </td>
            </tr>
            <tr>
               <td colspan="4" class="detailsBox">
                  <div id="TestCases.Application_Test_beforetest_byStatus_passed_PASS1_details"
                       class="testMethodDetails">
                     <div>
                        <b>Name: </b>beforetest
                     </div>
                     <div>
                        <b>Signature: </b>beforetest()[pri:0, instance:TestCases.Application_Test@483bf400]
                     </div>
                     <div>
                        <b>Start time: </b>12:37:57
                     </div>
                     <div>
                        <b>End time: </b>12:37:57
                     </div>
                     <div>
                        <b>Duration: </b>1 ms
                        
                     </div>
                  </div>
               </td>
            </tr>
            <tr></tr>
            <tr id="TestCases.Application_Test_beforemethod_byStatus_passed_PASS2_row"
                class="testMethodStatusPASS testMethodStatusCONF">
               <td width="100%" class="firstMethodCell">
                  <a onclick="toggleDetailsVisibility('TestCases.Application_Test_beforemethod_byStatus_passed_PASS2_details')">beforemethod()</a>
               </td>
               <td nowrap="true">12:37:57</td>
               <td nowrap="true" align="right">1 ms
                  
               </td>
               <td nowrap="true">
                   
                  
               </td>
            </tr>
            <tr>
               <td colspan="4" class="detailsBox">
                  <div id="TestCases.Application_Test_beforemethod_byStatus_passed_PASS2_details"
                       class="testMethodDetails">
                     <div>
                        <b>Name: </b>beforemethod
                     </div>
                     <div>
                        <b>Signature: </b>beforemethod()[pri:0, instance:TestCases.Application_Test@483bf400]
                     </div>
                     <div>
                        <b>Start time: </b>12:37:57
                     </div>
                     <div>
                        <b>End time: </b>12:37:57
                     </div>
                     <div>
                        <b>Duration: </b>1 ms
                        
                     </div>
                  </div>
               </td>
            </tr>
            <tr></tr>
            <tr id="TestCases.Application_Test_aftermethod_byStatus_passed_PASS3_row"
                class="testMethodStatusPASS testMethodStatusCONF">
               <td width="100%" class="firstMethodCell">
                  <a onclick="toggleDetailsVisibility('TestCases.Application_Test_aftermethod_byStatus_passed_PASS3_details')">aftermethod()</a>
               </td>
               <td nowrap="true">12:37:57</td>
               <td nowrap="true" align="right">0 ms
                  
               </td>
               <td nowrap="true">
                   
                  
               </td>
            </tr>
            <tr>
               <td colspan="4" class="detailsBox">
                  <div id="TestCases.Application_Test_aftermethod_byStatus_passed_PASS3_details"
                       class="testMethodDetails">
                     <div>
                        <b>Name: </b>aftermethod
                     </div>
                     <div>
                        <b>Signature: </b>aftermethod()[pri:0, instance:TestCases.Application_Test@483bf400]
                     </div>
                     <div>
                        <b>Start time: </b>12:37:57
                     </div>
                     <div>
                        <b>End time: </b>12:37:57
                     </div>
                     <div>
                        <b>Duration: </b>0 ms
                        
                     </div>
                  </div>
               </td>
            </tr>
            <tr></tr>
            <tr id="TestCases.Application_Test_aftertest_byStatus_passed_PASS4_row"
                class="testMethodStatusPASS testMethodStatusCONF">
               <td width="100%" class="firstMethodCell">
                  <a onclick="toggleDetailsVisibility('TestCases.Application_Test_aftertest_byStatus_passed_PASS4_details')">aftertest()</a>
               </td>
               <td nowrap="true">12:37:57</td>
               <td nowrap="true" align="right">0 ms
                  
               </td>
               <td nowrap="true">
                   
                  
               </td>
            </tr>
            <tr>
               <td colspan="4" class="detailsBox">
                  <div id="TestCases.Application_Test_aftertest_byStatus_passed_PASS4_details"
                       class="testMethodDetails">
                     <div>
                        <b>Name: </b>aftertest
                     </div>
                     <div>
                        <b>Signature: </b>aftertest()[pri:0, instance:TestCases.Application_Test@483bf400]
                     </div>
                     <div>
                        <b>Start time: </b>12:37:57
                     </div>
                     <div>
                        <b>End time: </b>12:37:57
                     </div>
                     <div>
                        <b>Duration: </b>0 ms
                        
                     </div>
                  </div>
               </td>
            </tr>
            <tr></tr>
            <tr id="TestCases.LoginTest_afterm_byStatus_passed_PASS5_row"
                class="testMethodStatusPASS testMethodStatusCONF">
               <td width="100%" class="firstMethodCell">
                  <a onclick="toggleDetailsVisibility('TestCases.LoginTest_afterm_byStatus_passed_PASS5_details')">afterm()</a>
               </td>
               <td nowrap="true">12:37:57</td>
               <td nowrap="true" align="right">0 ms
                  
               </td>
               <td nowrap="true">
                   
                  
               </td>
            </tr>
            <tr>
               <td colspan="4" class="detailsBox">
                  <div id="TestCases.LoginTest_afterm_byStatus_passed_PASS5_details"
                       class="testMethodDetails">
                     <div>
                        <b>Name: </b>afterm
                     </div>
                     <div>
                        <b>Signature: </b>afterm()[pri:0, instance:TestCases.LoginTest@546a03af]
                     </div>
                     <div>
                        <b>Start time: </b>12:37:57
                     </div>
                     <div>
                        <b>End time: </b>12:37:57
                     </div>
                     <div>
                        <b>Duration: </b>0 ms
                        
                     </div>
                  </div>
               </td>
            </tr>
            <tr></tr>
            <tr id="TestCases.LoginTest_doLoginTest_byStatus_passed_PASS6_row"
                class="testMethodStatusPASS">
               <td width="100%" class="firstMethodCell">
                  <a onclick="toggleDetailsVisibility('TestCases.LoginTest_doLoginTest_byStatus_passed_PASS6_details')">doLoginTest(U1
                     
                     ,
                     
                     P1
                     
                     ,
                     
                     Pass
                     
                     ,
                     
                     Mozilla
                     
                     ,
                     
                     12345678)
                  </a>
               </td>
               <td nowrap="true">12:37:57</td>
               <td nowrap="true" align="right">0 ms
                  
               </td>
               <td nowrap="true">
                   
                  
               </td>
            </tr>
            <tr>
               <td colspan="4" class="detailsBox">
                  <div id="TestCases.LoginTest_doLoginTest_byStatus_passed_PASS6_details"
                       class="testMethodDetails">
                     <div>
                        <b>Name: </b>doLoginTest
                     </div>
                     <div>
                        <b>Signature: </b>doLoginTest(java.lang.String, java.lang.String, java.lang.String, java.lang.String, int)[pri:0, instance:TestCases.LoginTest@546a03af]
                     </div>
                     <div>
                        <b>Parameters: </b>
                        
                        U1
                        
                        ,
                        
                        P1
                        
                        ,
                        
                        Pass
                        
                        ,
                        
                        Mozilla
                        
                        ,
                        
                        12345678
                        
                        
                     </div>
                     <div>
                        <b>Start time: </b>12:37:57
                     </div>
                     <div>
                        <b>End time: </b>12:37:57
                     </div>
                     <div>
                        <b>Duration: </b>0 ms
                        
                     </div>
                  </div>
               </td>
            </tr>
            <tr></tr>
            <tr id="TestCases.LoginTest_doLoginTest_byStatus_passed_PASS7_row"
                class="testMethodStatusPASS">
               <td width="100%" class="firstMethodCell">
                  <a onclick="toggleDetailsVisibility('TestCases.LoginTest_doLoginTest_byStatus_passed_PASS7_details')">doLoginTest(U2
                     
                     ,
                     
                     P2
                     
                     ,
                     
                     Pass
                     
                     ,
                     
                     Chrome
                     
                     ,
                     
                     14835678)
                  </a>
               </td>
               <td nowrap="true">12:37:57</td>
               <td nowrap="true" align="right">0 ms
                  
               </td>
               <td nowrap="true">
                   
                  
               </td>
            </tr>
            <tr>
               <td colspan="4" class="detailsBox">
                  <div id="TestCases.LoginTest_doLoginTest_byStatus_passed_PASS7_details"
                       class="testMethodDetails">
                     <div>
                        <b>Name: </b>doLoginTest
                     </div>
                     <div>
                        <b>Signature: </b>doLoginTest(java.lang.String, java.lang.String, java.lang.String, java.lang.String, int)[pri:0, instance:TestCases.LoginTest@546a03af]
                     </div>
                     <div>
                        <b>Parameters: </b>
                        
                        U2
                        
                        ,
                        
                        P2
                        
                        ,
                        
                        Pass
                        
                        ,
                        
                        Chrome
                        
                        ,
                        
                        14835678
                        
                        
                     </div>
                     <div>
                        <b>Start time: </b>12:37:57
                     </div>
                     <div>
                        <b>End time: </b>12:37:57
                     </div>
                     <div>
                        <b>Duration: </b>0 ms
                        
                     </div>
                  </div>
               </td>
            </tr>
            <tr></tr>
            <tr id="TestCases.LoginTest_afterm_byStatus_passed_PASS8_row"
                class="testMethodStatusPASS testMethodStatusCONF">
               <td width="100%" class="firstMethodCell">
                  <a onclick="toggleDetailsVisibility('TestCases.LoginTest_afterm_byStatus_passed_PASS8_details')">afterm()</a>
               </td>
               <td nowrap="true">12:37:57</td>
               <td nowrap="true" align="right">0 ms
                  
               </td>
               <td nowrap="true">
                   
                  
               </td>
            </tr>
            <tr>
               <td colspan="4" class="detailsBox">
                  <div id="TestCases.LoginTest_afterm_byStatus_passed_PASS8_details"
                       class="testMethodDetails">
                     <div>
                        <b>Name: </b>afterm
                     </div>
                     <div>
                        <b>Signature: </b>afterm()[pri:0, instance:TestCases.LoginTest@546a03af]
                     </div>
                     <div>
                        <b>Start time: </b>12:37:57
                     </div>
                     <div>
                        <b>End time: </b>12:37:57
                     </div>
                     <div>
                        <b>Duration: </b>0 ms
                        
                     </div>
                  </div>
               </td>
            </tr>
            <tr></tr>
            <tr id="TestCases.LoginTest_doLoginTest_byStatus_passed_PASS9_row"
                class="testMethodStatusPASS">
               <td width="100%" class="firstMethodCell">
                  <a onclick="toggleDetailsVisibility('TestCases.LoginTest_doLoginTest_byStatus_passed_PASS9_details')">doLoginTest(U3
                     
                     ,
                     
                     P3
                     
                     ,
                     
                     Fail
                     
                     ,
                     
                     IE
                     
                     ,
                     
                     54875678)
                  </a>
               </td>
               <td nowrap="true">12:37:57</td>
               <td nowrap="true" align="right">0 ms
                  
               </td>
               <td nowrap="true">
                   
                  
               </td>
            </tr>
            <tr>
               <td colspan="4" class="detailsBox">
                  <div id="TestCases.LoginTest_doLoginTest_byStatus_passed_PASS9_details"
                       class="testMethodDetails">
                     <div>
                        <b>Name: </b>doLoginTest
                     </div>
                     <div>
                        <b>Signature: </b>doLoginTest(java.lang.String, java.lang.String, java.lang.String, java.lang.String, int)[pri:0, instance:TestCases.LoginTest@546a03af]
                     </div>
                     <div>
                        <b>Parameters: </b>
                        
                        U3
                        
                        ,
                        
                        P3
                        
                        ,
                        
                        Fail
                        
                        ,
                        
                        IE
                        
                        ,
                        
                        54875678
                        
                        
                     </div>
                     <div>
                        <b>Start time: </b>12:37:57
                     </div>
                     <div>
                        <b>End time: </b>12:37:57
                     </div>
                     <div>
                        <b>Duration: </b>0 ms
                        
                     </div>
                  </div>
               </td>
            </tr>
            <tr></tr>
            <tr id="TestCases.LoginTest_afterm_byStatus_passed_PASS10_row"
                class="testMethodStatusPASS testMethodStatusCONF">
               <td width="100%" class="firstMethodCell">
                  <a onclick="toggleDetailsVisibility('TestCases.LoginTest_afterm_byStatus_passed_PASS10_details')">afterm()</a>
               </td>
               <td nowrap="true">12:37:57</td>
               <td nowrap="true" align="right">0 ms
                  
               </td>
               <td nowrap="true">
                   
                  
               </td>
            </tr>
            <tr>
               <td colspan="4" class="detailsBox">
                  <div id="TestCases.LoginTest_afterm_byStatus_passed_PASS10_details"
                       class="testMethodDetails">
                     <div>
                        <b>Name: </b>afterm
                     </div>
                     <div>
                        <b>Signature: </b>afterm()[pri:0, instance:TestCases.LoginTest@546a03af]
                     </div>
                     <div>
                        <b>Start time: </b>12:37:57
                     </div>
                     <div>
                        <b>End time: </b>12:37:57
                     </div>
                     <div>
                        <b>Duration: </b>0 ms
                        
                     </div>
                  </div>
               </td>
            </tr>
            <tr></tr>
            <tr id="TestCases.Application_Test_BeforeSuite_byStatus_passed_PASS11_row"
                class="testMethodStatusPASS testMethodStatusCONF">
               <td width="100%" class="firstMethodCell">
                  <a onclick="toggleDetailsVisibility('TestCases.Application_Test_BeforeSuite_byStatus_passed_PASS11_details')">BeforeSuite()</a>
               </td>
               <td nowrap="true">12:37:57</td>
               <td nowrap="true" align="right">19 ms
                  
               </td>
               <td nowrap="true">
                   
                  
               </td>
            </tr>
            <tr>
               <td colspan="4" class="detailsBox">
                  <div id="TestCases.Application_Test_BeforeSuite_byStatus_passed_PASS11_details"
                       class="testMethodDetails">
                     <div>
                        <b>Name: </b>BeforeSuite
                     </div>
                     <div>
                        <b>Signature: </b>BeforeSuite()[pri:0, instance:TestCases.Application_Test@483bf400]
                     </div>
                     <div>
                        <b>Start time: </b>12:37:57
                     </div>
                     <div>
                        <b>End time: </b>12:37:57
                     </div>
                     <div>
                        <b>Duration: </b>19 ms
                        
                     </div>
                  </div>
               </td>
            </tr>
            <tr></tr>
            <tr id="TestCases.Application_Test_AfterSuite_byStatus_passed_PASS12_row"
                class="testMethodStatusPASS testMethodStatusCONF">
               <td width="100%" class="firstMethodCell">
                  <a onclick="toggleDetailsVisibility('TestCases.Application_Test_AfterSuite_byStatus_passed_PASS12_details')">AfterSuite()</a>
               </td>
               <td nowrap="true">12:37:58</td>
               <td nowrap="true" align="right">0 ms
                  
               </td>
               <td nowrap="true">
                   
                  
               </td>
            </tr>
            <tr>
               <td colspan="4" class="detailsBox">
                  <div id="TestCases.Application_Test_AfterSuite_byStatus_passed_PASS12_details"
                       class="testMethodDetails">
                     <div>
                        <b>Name: </b>AfterSuite
                     </div>
                     <div>
                        <b>Signature: </b>AfterSuite()[pri:0, instance:TestCases.Application_Test@483bf400]
                     </div>
                     <div>
                        <b>Start time: </b>12:37:58
                     </div>
                     <div>
                        <b>End time: </b>12:37:58
                     </div>
                     <div>
                        <b>Duration: </b>0 ms
                        
                     </div>
                  </div>
               </td>
            </tr>
            <tr></tr>
            <tr id="TestCases.Application_Test_doPasswordchange_byStatus_skiped_SKIP1_row"
                class="testMethodStatusSKIP">
               <td width="100%" class="firstMethodCell">
                  <a onclick="toggleDetailsVisibility('TestCases.Application_Test_doPasswordchange_byStatus_skiped_SKIP1_details')">doPasswordchange()</a>
               </td>
               <td nowrap="true">12:37:57</td>
               <td nowrap="true" align="right">0 ms
                  
               </td>
               <td nowrap="true">
                  <a onclick="toggleDetailsVisibility('TestCases.Application_Test_doPasswordchange_byStatus_skiped_SKIP1_exception')">java.lang.Throwable: 
                     Method Application_Test.doPasswordchange()[pri:2, instance:TestCases.Application_Test@483bf400] depends on not successfully
                     finished methods
                     
                  </a>
                   
                  
               </td>
            </tr>
            <tr>
               <td colspan="4" class="detailsBox">
                  <div id="TestCases.Application_Test_doPasswordchange_byStatus_skiped_SKIP1_details"
                       class="testMethodDetails">
                     <div>
                        <b>Name: </b>doPasswordchange
                     </div>
                     <div>
                        <b>Signature: </b>doPasswordchange()[pri:2, instance:TestCases.Application_Test@483bf400]
                     </div>
                     <div>
                        <b>Start time: </b>12:37:57
                     </div>
                     <div>
                        <b>End time: </b>12:37:57
                     </div>
                     <div>
                        <b>Duration: </b>0 ms
                        
                     </div>
                     <div>
                        <b>Depends on methods:
                           
                        </b>
                        <div>
                               -
                           TestCases.Application_Test.doLogin
                        </div>
                     </div>
                  </div>
               </td>
            </tr>
            <tr>
               <td colspan="4" class="detailsBox">
                  <div id="TestCases.Application_Test_doPasswordchange_byStatus_skiped_SKIP1_exception"
                       class="testMethodDetails">
                     <pre style="padding: 5px; margin: 0;">java.lang.Throwable: Method Application_Test.doPasswordchange()[pri:2, instance:TestCases.Application_Test@483bf400] depends
                        on not successfully finished methods
                        	at org.testng.internal.Invoker.invokeTestMethods(Invoker.java:1084)
                        	at org.testng.internal.TestMethodWorker.invokeTestMethods(TestMethodWorker.java:126)
                        	at org.testng.internal.TestMethodWorker.run(TestMethodWorker.java:109)
                        	at org.testng.TestRunner.privateRun(TestRunner.java:744)
                        	at org.testng.TestRunner.run(TestRunner.java:602)
                        	at org.testng.SuiteRunner.runTest(SuiteRunner.java:380)
                        	at org.testng.SuiteRunner.runSequentially(SuiteRunner.java:375)
                        	at org.testng.SuiteRunner.privateRun(SuiteRunner.java:340)
                        	at org.testng.SuiteRunner.run(SuiteRunner.java:289)
                        	at org.testng.SuiteRunnerWorker.runSuite(SuiteRunnerWorker.java:52)
                        	at org.testng.SuiteRunnerWorker.run(SuiteRunnerWorker.java:86)
                        	at org.testng.TestNG.runSuitesSequentially(TestNG.java:1301)
                        	at org.testng.TestNG.runSuitesLocally(TestNG.java:1226)
                        	at org.testng.TestNG.runSuites(TestNG.java:1144)
                        	at org.testng.TestNG.run(TestNG.java:1115)
                        	at org.testng.TestNG.privateMain(TestNG.java:1442)
                        	at org.testng.TestNG.main(TestNG.java:1411)
                     </pre>
                  </div>
               </td>
            </tr>
            <tr id="TestCases.Application_Test_doLogout_byStatus_skiped_SKIP2_row"
                class="testMethodStatusSKIP">
               <td width="100%" class="firstMethodCell">
                  <a onclick="toggleDetailsVisibility('TestCases.Application_Test_doLogout_byStatus_skiped_SKIP2_details')">doLogout()</a>
               </td>
               <td nowrap="true">12:37:57</td>
               <td nowrap="true" align="right">0 ms
                  
               </td>
               <td nowrap="true">
                  <a onclick="toggleDetailsVisibility('TestCases.Application_Test_doLogout_byStatus_skiped_SKIP2_exception')">java.lang.Throwable: 
                     Method Application_Test.doLogout()[pri:3, instance:TestCases.Application_Test@483bf400] depends on not successfully finished
                     methods
                     
                  </a>
                   
                  
               </td>
            </tr>
            <tr>
               <td colspan="4" class="detailsBox">
                  <div id="TestCases.Application_Test_doLogout_byStatus_skiped_SKIP2_details"
                       class="testMethodDetails">
                     <div>
                        <b>Name: </b>doLogout
                     </div>
                     <div>
                        <b>Signature: </b>doLogout()[pri:3, instance:TestCases.Application_Test@483bf400]
                     </div>
                     <div>
                        <b>Start time: </b>12:37:57
                     </div>
                     <div>
                        <b>End time: </b>12:37:57
                     </div>
                     <div>
                        <b>Duration: </b>0 ms
                        
                     </div>
                     <div>
                        <b>Depends on methods:
                           
                        </b>
                        <div>
                               -
                           TestCases.Application_Test.doLogin
                        </div>
                     </div>
                  </div>
               </td>
            </tr>
            <tr>
               <td colspan="4" class="detailsBox">
                  <div id="TestCases.Application_Test_doLogout_byStatus_skiped_SKIP2_exception"
                       class="testMethodDetails">
                     <pre style="padding: 5px; margin: 0;">java.lang.Throwable: Method Application_Test.doLogout()[pri:3, instance:TestCases.Application_Test@483bf400] depends on not
                        successfully finished methods
                        	at org.testng.internal.Invoker.invokeTestMethods(Invoker.java:1084)
                        	at org.testng.internal.TestMethodWorker.invokeTestMethods(TestMethodWorker.java:126)
                        	at org.testng.internal.TestMethodWorker.run(TestMethodWorker.java:109)
                        	at org.testng.TestRunner.privateRun(TestRunner.java:744)
                        	at org.testng.TestRunner.run(TestRunner.java:602)
                        	at org.testng.SuiteRunner.runTest(SuiteRunner.java:380)
                        	at org.testng.SuiteRunner.runSequentially(SuiteRunner.java:375)
                        	at org.testng.SuiteRunner.privateRun(SuiteRunner.java:340)
                        	at org.testng.SuiteRunner.run(SuiteRunner.java:289)
                        	at org.testng.SuiteRunnerWorker.runSuite(SuiteRunnerWorker.java:52)
                        	at org.testng.SuiteRunnerWorker.run(SuiteRunnerWorker.java:86)
                        	at org.testng.TestNG.runSuitesSequentially(TestNG.java:1301)
                        	at org.testng.TestNG.runSuitesLocally(TestNG.java:1226)
                        	at org.testng.TestNG.runSuites(TestNG.java:1144)
                        	at org.testng.TestNG.run(TestNG.java:1115)
                        	at org.testng.TestNG.privateMain(TestNG.java:1442)
                        	at org.testng.TestNG.main(TestNG.java:1411)
                     </pre>
                  </div>
               </td>
            </tr>
         </table>
      </div>
      <div id="testMethodsByClass" style="display: none;">
         <table class="testMethodsTable" cellpadding="0" cellspacing="0">
            <tr>
               <td colspan="4">
                  <h3 style="display: inline;">TestCases.Application_Test</h3>
               </td>
            </tr>
            <tr class="methodsTableHeader">
               <td width="100%">Name</td>
               <td nowrap="true">Started</td>
               <td nowrap="true">Duration</td>
               <td>Exception</td>
            </tr>
            <tr id="TestCases.Application_Test_beforetest_byClass_PASS1_row"
                class="testMethodStatusPASS testMethodStatusCONF">
               <td width="100%" class="firstMethodCell">
                  <a onclick="toggleDetailsVisibility('TestCases.Application_Test_beforetest_byClass_PASS1_details')">beforetest()</a>
               </td>
               <td nowrap="true">12:37:57</td>
               <td nowrap="true" align="right">1 ms
                  
               </td>
               <td nowrap="true">
                   
                  
               </td>
            </tr>
            <tr>
               <td colspan="4" class="detailsBox">
                  <div id="TestCases.Application_Test_beforetest_byClass_PASS1_details"
                       class="testMethodDetails">
                     <div>
                        <b>Name: </b>beforetest
                     </div>
                     <div>
                        <b>Signature: </b>beforetest()[pri:0, instance:TestCases.Application_Test@483bf400]
                     </div>
                     <div>
                        <b>Start time: </b>12:37:57
                     </div>
                     <div>
                        <b>End time: </b>12:37:57
                     </div>
                     <div>
                        <b>Duration: </b>1 ms
                        
                     </div>
                  </div>
               </td>
            </tr>
            <tr></tr>
            <tr id="TestCases.Application_Test_beforemethod_byClass_PASS2_row"
                class="testMethodStatusPASS testMethodStatusCONF">
               <td width="100%" class="firstMethodCell">
                  <a onclick="toggleDetailsVisibility('TestCases.Application_Test_beforemethod_byClass_PASS2_details')">beforemethod()</a>
               </td>
               <td nowrap="true">12:37:57</td>
               <td nowrap="true" align="right">1 ms
                  
               </td>
               <td nowrap="true">
                   
                  
               </td>
            </tr>
            <tr>
               <td colspan="4" class="detailsBox">
                  <div id="TestCases.Application_Test_beforemethod_byClass_PASS2_details"
                       class="testMethodDetails">
                     <div>
                        <b>Name: </b>beforemethod
                     </div>
                     <div>
                        <b>Signature: </b>beforemethod()[pri:0, instance:TestCases.Application_Test@483bf400]
                     </div>
                     <div>
                        <b>Start time: </b>12:37:57
                     </div>
                     <div>
                        <b>End time: </b>12:37:57
                     </div>
                     <div>
                        <b>Duration: </b>1 ms
                        
                     </div>
                  </div>
               </td>
            </tr>
            <tr></tr>
            <tr id="TestCases.Application_Test_doLogin_byClass_FAIL3_row"
                class="testMethodStatusFAIL">
               <td width="100%" class="firstMethodCell">
                  <a onclick="toggleDetailsVisibility('TestCases.Application_Test_doLogin_byClass_FAIL3_details')">doLogin()</a>
               </td>
               <td nowrap="true">12:37:57</td>
               <td nowrap="true" align="right">15 ms
                  
               </td>
               <td nowrap="true">
                  <a onclick="toggleDetailsVisibility('TestCases.Application_Test_doLogin_byClass_FAIL3_exception')">java.lang.AssertionError: 
                     The following asserts failed:
                     	Error message 
                     
                  </a>
                   
                  
               </td>
            </tr>
            <tr>
               <td colspan="4" class="detailsBox">
                  <div id="TestCases.Application_Test_doLogin_byClass_FAIL3_details"
                       class="testMethodDetails">
                     <div>
                        <b>Name: </b>doLogin
                     </div>
                     <div>
                        <b>Signature: </b>doLogin()[pri:1, instance:TestCases.Application_Test@483bf400]
                     </div>
                     <div>
                        <b>Start time: </b>12:37:57
                     </div>
                     <div>
                        <b>End time: </b>12:37:57
                     </div>
                     <div>
                        <b>Duration: </b>15 ms
                        
                     </div>
                  </div>
               </td>
            </tr>
            <tr>
               <td colspan="4" class="detailsBox">
                  <div id="TestCases.Application_Test_doLogin_byClass_FAIL3_exception"
                       class="testMethodDetails">
                     <pre style="padding: 5px; margin: 0;">java.lang.AssertionError: The following asserts failed:
                        	Error message 
                        	at org.testng.asserts.SoftAssert.assertAll(SoftAssert.java:43)
                        	at TestCases.Application_Test.doLogin(Application_Test.java:46)
                        	at sun.reflect.NativeMethodAccessorImpl.invoke0(Native Method)
                        	at sun.reflect.NativeMethodAccessorImpl.invoke(NativeMethodAccessorImpl.java:62)
                        	at sun.reflect.DelegatingMethodAccessorImpl.invoke(DelegatingMethodAccessorImpl.java:43)
                        	at java.lang.reflect.Method.invoke(Method.java:498)
                        	at org.testng.internal.MethodInvocationHelper.invokeMethod(MethodInvocationHelper.java:108)
                        	at org.testng.internal.Invoker.invokeMethod(Invoker.java:661)
                        	at org.testng.internal.Invoker.invokeTestMethod(Invoker.java:869)
                        	at org.testng.internal.Invoker.invokeTestMethods(Invoker.java:1193)
                        	at org.testng.internal.TestMethodWorker.invokeTestMethods(TestMethodWorker.java:126)
                        	at org.testng.internal.TestMethodWorker.run(TestMethodWorker.java:109)
                        	at org.testng.TestRunner.privateRun(TestRunner.java:744)
                        	at org.testng.TestRunner.run(TestRunner.java:602)
                        	at org.testng.SuiteRunner.runTest(SuiteRunner.java:380)
                        	at org.testng.SuiteRunner.runSequentially(SuiteRunner.java:375)
                        	at org.testng.SuiteRunner.privateRun(SuiteRunner.java:340)
                        	at org.testng.SuiteRunner.run(SuiteRunner.java:289)
                        	at org.testng.SuiteRunnerWorker.runSuite(SuiteRunnerWorker.java:52)
                        	at org.testng.SuiteRunnerWorker.run(SuiteRunnerWorker.java:86)
                        	at org.testng.TestNG.runSuitesSequentially(TestNG.java:1301)
                        	at org.testng.TestNG.runSuitesLocally(TestNG.java:1226)
                        	at org.testng.TestNG.runSuites(TestNG.java:1144)
                        	at org.testng.TestNG.run(TestNG.java:1115)
                        	at org.testng.TestNG.privateMain(TestNG.java:1442)
                        	at org.testng.TestNG.main(TestNG.java:1411)
                     </pre>
                  </div>
               </td>
            </tr>
            <tr id="TestCases.Application_Test_aftermethod_byClass_PASS4_row"
                class="testMethodStatusPASS testMethodStatusCONF">
               <td width="100%" class="firstMethodCell">
                  <a onclick="toggleDetailsVisibility('TestCases.Application_Test_aftermethod_byClass_PASS4_details')">aftermethod()</a>
               </td>
               <td nowrap="true">12:37:57</td>
               <td nowrap="true" align="right">0 ms
                  
               </td>
               <td nowrap="true">
                   
                  
               </td>
            </tr>
            <tr>
               <td colspan="4" class="detailsBox">
                  <div id="TestCases.Application_Test_aftermethod_byClass_PASS4_details"
                       class="testMethodDetails">
                     <div>
                        <b>Name: </b>aftermethod
                     </div>
                     <div>
                        <b>Signature: </b>aftermethod()[pri:0, instance:TestCases.Application_Test@483bf400]
                     </div>
                     <div>
                        <b>Start time: </b>12:37:57
                     </div>
                     <div>
                        <b>End time: </b>12:37:57
                     </div>
                     <div>
                        <b>Duration: </b>0 ms
                        
                     </div>
                  </div>
               </td>
            </tr>
            <tr></tr>
            <tr id="TestCases.Application_Test_doPasswordchange_byClass_SKIP5_row"
                class="testMethodStatusSKIP">
               <td width="100%" class="firstMethodCell">
                  <a onclick="toggleDetailsVisibility('TestCases.Application_Test_doPasswordchange_byClass_SKIP5_details')">doPasswordchange()</a>
               </td>
               <td nowrap="true">12:37:57</td>
               <td nowrap="true" align="right">0 ms
                  
               </td>
               <td nowrap="true">
                  <a onclick="toggleDetailsVisibility('TestCases.Application_Test_doPasswordchange_byClass_SKIP5_exception')">java.lang.Throwable: 
                     Method Application_Test.doPasswordchange()[pri:2, instance:TestCases.Application_Test@483bf400] depends on not successfully
                     finished methods
                     
                  </a>
                   
                  
               </td>
            </tr>
            <tr>
               <td colspan="4" class="detailsBox">
                  <div id="TestCases.Application_Test_doPasswordchange_byClass_SKIP5_details"
                       class="testMethodDetails">
                     <div>
                        <b>Name: </b>doPasswordchange
                     </div>
                     <div>
                        <b>Signature: </b>doPasswordchange()[pri:2, instance:TestCases.Application_Test@483bf400]
                     </div>
                     <div>
                        <b>Start time: </b>12:37:57
                     </div>
                     <div>
                        <b>End time: </b>12:37:57
                     </div>
                     <div>
                        <b>Duration: </b>0 ms
                        
                     </div>
                     <div>
                        <b>Depends on methods:
                           
                        </b>
                        <div>
                               -
                           TestCases.Application_Test.doLogin
                        </div>
                     </div>
                  </div>
               </td>
            </tr>
            <tr>
               <td colspan="4" class="detailsBox">
                  <div id="TestCases.Application_Test_doPasswordchange_byClass_SKIP5_exception"
                       class="testMethodDetails">
                     <pre style="padding: 5px; margin: 0;">java.lang.Throwable: Method Application_Test.doPasswordchange()[pri:2, instance:TestCases.Application_Test@483bf400] depends
                        on not successfully finished methods
                        	at org.testng.internal.Invoker.invokeTestMethods(Invoker.java:1084)
                        	at org.testng.internal.TestMethodWorker.invokeTestMethods(TestMethodWorker.java:126)
                        	at org.testng.internal.TestMethodWorker.run(TestMethodWorker.java:109)
                        	at org.testng.TestRunner.privateRun(TestRunner.java:744)
                        	at org.testng.TestRunner.run(TestRunner.java:602)
                        	at org.testng.SuiteRunner.runTest(SuiteRunner.java:380)
                        	at org.testng.SuiteRunner.runSequentially(SuiteRunner.java:375)
                        	at org.testng.SuiteRunner.privateRun(SuiteRunner.java:340)
                        	at org.testng.SuiteRunner.run(SuiteRunner.java:289)
                        	at org.testng.SuiteRunnerWorker.runSuite(SuiteRunnerWorker.java:52)
                        	at org.testng.SuiteRunnerWorker.run(SuiteRunnerWorker.java:86)
                        	at org.testng.TestNG.runSuitesSequentially(TestNG.java:1301)
                        	at org.testng.TestNG.runSuitesLocally(TestNG.java:1226)
                        	at org.testng.TestNG.runSuites(TestNG.java:1144)
                        	at org.testng.TestNG.run(TestNG.java:1115)
                        	at org.testng.TestNG.privateMain(TestNG.java:1442)
                        	at org.testng.TestNG.main(TestNG.java:1411)
                     </pre>
                  </div>
               </td>
            </tr>
            <tr id="TestCases.Application_Test_aftertest_byClass_PASS6_row"
                class="testMethodStatusPASS testMethodStatusCONF">
               <td width="100%" class="firstMethodCell">
                  <a onclick="toggleDetailsVisibility('TestCases.Application_Test_aftertest_byClass_PASS6_details')">aftertest()</a>
               </td>
               <td nowrap="true">12:37:57</td>
               <td nowrap="true" align="right">0 ms
                  
               </td>
               <td nowrap="true">
                   
                  
               </td>
            </tr>
            <tr>
               <td colspan="4" class="detailsBox">
                  <div id="TestCases.Application_Test_aftertest_byClass_PASS6_details"
                       class="testMethodDetails">
                     <div>
                        <b>Name: </b>aftertest
                     </div>
                     <div>
                        <b>Signature: </b>aftertest()[pri:0, instance:TestCases.Application_Test@483bf400]
                     </div>
                     <div>
                        <b>Start time: </b>12:37:57
                     </div>
                     <div>
                        <b>End time: </b>12:37:57
                     </div>
                     <div>
                        <b>Duration: </b>0 ms
                        
                     </div>
                  </div>
               </td>
            </tr>
            <tr></tr>
            <tr id="TestCases.Application_Test_doLogout_byClass_SKIP7_row"
                class="testMethodStatusSKIP">
               <td width="100%" class="firstMethodCell">
                  <a onclick="toggleDetailsVisibility('TestCases.Application_Test_doLogout_byClass_SKIP7_details')">doLogout()</a>
               </td>
               <td nowrap="true">12:37:57</td>
               <td nowrap="true" align="right">0 ms
                  
               </td>
               <td nowrap="true">
                  <a onclick="toggleDetailsVisibility('TestCases.Application_Test_doLogout_byClass_SKIP7_exception')">java.lang.Throwable: 
                     Method Application_Test.doLogout()[pri:3, instance:TestCases.Application_Test@483bf400] depends on not successfully finished
                     methods
                     
                  </a>
                   
                  
               </td>
            </tr>
            <tr>
               <td colspan="4" class="detailsBox">
                  <div id="TestCases.Application_Test_doLogout_byClass_SKIP7_details"
                       class="testMethodDetails">
                     <div>
                        <b>Name: </b>doLogout
                     </div>
                     <div>
                        <b>Signature: </b>doLogout()[pri:3, instance:TestCases.Application_Test@483bf400]
                     </div>
                     <div>
                        <b>Start time: </b>12:37:57
                     </div>
                     <div>
                        <b>End time: </b>12:37:57
                     </div>
                     <div>
                        <b>Duration: </b>0 ms
                        
                     </div>
                     <div>
                        <b>Depends on methods:
                           
                        </b>
                        <div>
                               -
                           TestCases.Application_Test.doLogin
                        </div>
                     </div>
                  </div>
               </td>
            </tr>
            <tr>
               <td colspan="4" class="detailsBox">
                  <div id="TestCases.Application_Test_doLogout_byClass_SKIP7_exception"
                       class="testMethodDetails">
                     <pre style="padding: 5px; margin: 0;">java.lang.Throwable: Method Application_Test.doLogout()[pri:3, instance:TestCases.Application_Test@483bf400] depends on not
                        successfully finished methods
                        	at org.testng.internal.Invoker.invokeTestMethods(Invoker.java:1084)
                        	at org.testng.internal.TestMethodWorker.invokeTestMethods(TestMethodWorker.java:126)
                        	at org.testng.internal.TestMethodWorker.run(TestMethodWorker.java:109)
                        	at org.testng.TestRunner.privateRun(TestRunner.java:744)
                        	at org.testng.TestRunner.run(TestRunner.java:602)
                        	at org.testng.SuiteRunner.runTest(SuiteRunner.java:380)
                        	at org.testng.SuiteRunner.runSequentially(SuiteRunner.java:375)
                        	at org.testng.SuiteRunner.privateRun(SuiteRunner.java:340)
                        	at org.testng.SuiteRunner.run(SuiteRunner.java:289)
                        	at org.testng.SuiteRunnerWorker.runSuite(SuiteRunnerWorker.java:52)
                        	at org.testng.SuiteRunnerWorker.run(SuiteRunnerWorker.java:86)
                        	at org.testng.TestNG.runSuitesSequentially(TestNG.java:1301)
                        	at org.testng.TestNG.runSuitesLocally(TestNG.java:1226)
                        	at org.testng.TestNG.runSuites(TestNG.java:1144)
                        	at org.testng.TestNG.run(TestNG.java:1115)
                        	at org.testng.TestNG.privateMain(TestNG.java:1442)
                        	at org.testng.TestNG.main(TestNG.java:1411)
                     </pre>
                  </div>
               </td>
            </tr>
         </table>
         <br></br>
         <table class="testMethodsTable" cellpadding="0" cellspacing="0">
            <tr>
               <td colspan="4">
                  <h3 style="display: inline;">TestCases.Application_Test</h3>
               </td>
            </tr>
            <tr class="methodsTableHeader">
               <td width="100%">Name</td>
               <td nowrap="true">Started</td>
               <td nowrap="true">Duration</td>
               <td>Exception</td>
            </tr>
            <tr id="TestCases.Application_Test_BeforeSuite_byClass_PASS1_row"
                class="testMethodStatusPASS testMethodStatusCONF">
               <td width="100%" class="firstMethodCell">
                  <a onclick="toggleDetailsVisibility('TestCases.Application_Test_BeforeSuite_byClass_PASS1_details')">BeforeSuite()</a>
               </td>
               <td nowrap="true">12:37:57</td>
               <td nowrap="true" align="right">19 ms
                  
               </td>
               <td nowrap="true">
                   
                  
               </td>
            </tr>
            <tr>
               <td colspan="4" class="detailsBox">
                  <div id="TestCases.Application_Test_BeforeSuite_byClass_PASS1_details"
                       class="testMethodDetails">
                     <div>
                        <b>Name: </b>BeforeSuite
                     </div>
                     <div>
                        <b>Signature: </b>BeforeSuite()[pri:0, instance:TestCases.Application_Test@483bf400]
                     </div>
                     <div>
                        <b>Start time: </b>12:37:57
                     </div>
                     <div>
                        <b>End time: </b>12:37:57
                     </div>
                     <div>
                        <b>Duration: </b>19 ms
                        
                     </div>
                  </div>
               </td>
            </tr>
            <tr></tr>
            <tr id="TestCases.Application_Test_AfterSuite_byClass_PASS2_row"
                class="testMethodStatusPASS testMethodStatusCONF">
               <td width="100%" class="firstMethodCell">
                  <a onclick="toggleDetailsVisibility('TestCases.Application_Test_AfterSuite_byClass_PASS2_details')">AfterSuite()</a>
               </td>
               <td nowrap="true">12:37:58</td>
               <td nowrap="true" align="right">0 ms
                  
               </td>
               <td nowrap="true">
                   
                  
               </td>
            </tr>
            <tr>
               <td colspan="4" class="detailsBox">
                  <div id="TestCases.Application_Test_AfterSuite_byClass_PASS2_details"
                       class="testMethodDetails">
                     <div>
                        <b>Name: </b>AfterSuite
                     </div>
                     <div>
                        <b>Signature: </b>AfterSuite()[pri:0, instance:TestCases.Application_Test@483bf400]
                     </div>
                     <div>
                        <b>Start time: </b>12:37:58
                     </div>
                     <div>
                        <b>End time: </b>12:37:58
                     </div>
                     <div>
                        <b>Duration: </b>0 ms
                        
                     </div>
                  </div>
               </td>
            </tr>
            <tr></tr>
         </table>
         <br></br>
         <table class="testMethodsTable" cellpadding="0" cellspacing="0">
            <tr>
               <td colspan="4">
                  <h3 style="display: inline;">TestCases.LoginTest</h3>
               </td>
            </tr>
            <tr class="methodsTableHeader">
               <td width="100%">Name</td>
               <td nowrap="true">Started</td>
               <td nowrap="true">Duration</td>
               <td>Exception</td>
            </tr>
            <tr id="TestCases.LoginTest_afterm_byClass_PASS1_row"
                class="testMethodStatusPASS testMethodStatusCONF">
               <td width="100%" class="firstMethodCell">
                  <a onclick="toggleDetailsVisibility('TestCases.LoginTest_afterm_byClass_PASS1_details')">afterm()</a>
               </td>
               <td nowrap="true">12:37:57</td>
               <td nowrap="true" align="right">0 ms
                  
               </td>
               <td nowrap="true">
                   
                  
               </td>
            </tr>
            <tr>
               <td colspan="4" class="detailsBox">
                  <div id="TestCases.LoginTest_afterm_byClass_PASS1_details" class="testMethodDetails">
                     <div>
                        <b>Name: </b>afterm
                     </div>
                     <div>
                        <b>Signature: </b>afterm()[pri:0, instance:TestCases.LoginTest@546a03af]
                     </div>
                     <div>
                        <b>Start time: </b>12:37:57
                     </div>
                     <div>
                        <b>End time: </b>12:37:57
                     </div>
                     <div>
                        <b>Duration: </b>0 ms
                        
                     </div>
                  </div>
               </td>
            </tr>
            <tr></tr>
            <tr id="TestCases.LoginTest_doLoginTest_byClass_PASS2_row"
                class="testMethodStatusPASS">
               <td width="100%" class="firstMethodCell">
                  <a onclick="toggleDetailsVisibility('TestCases.LoginTest_doLoginTest_byClass_PASS2_details')">doLoginTest(U1
                     
                     ,
                     
                     P1
                     
                     ,
                     
                     Pass
                     
                     ,
                     
                     Mozilla
                     
                     ,
                     
                     12345678)
                  </a>
               </td>
               <td nowrap="true">12:37:57</td>
               <td nowrap="true" align="right">0 ms
                  
               </td>
               <td nowrap="true">
                   
                  
               </td>
            </tr>
            <tr>
               <td colspan="4" class="detailsBox">
                  <div id="TestCases.LoginTest_doLoginTest_byClass_PASS2_details"
                       class="testMethodDetails">
                     <div>
                        <b>Name: </b>doLoginTest
                     </div>
                     <div>
                        <b>Signature: </b>doLoginTest(java.lang.String, java.lang.String, java.lang.String, java.lang.String, int)[pri:0, instance:TestCases.LoginTest@546a03af]
                     </div>
                     <div>
                        <b>Parameters: </b>
                        
                        U1
                        
                        ,
                        
                        P1
                        
                        ,
                        
                        Pass
                        
                        ,
                        
                        Mozilla
                        
                        ,
                        
                        12345678
                        
                        
                     </div>
                     <div>
                        <b>Start time: </b>12:37:57
                     </div>
                     <div>
                        <b>End time: </b>12:37:57
                     </div>
                     <div>
                        <b>Duration: </b>0 ms
                        
                     </div>
                  </div>
               </td>
            </tr>
            <tr></tr>
            <tr id="TestCases.LoginTest_doLoginTest_byClass_PASS3_row"
                class="testMethodStatusPASS">
               <td width="100%" class="firstMethodCell">
                  <a onclick="toggleDetailsVisibility('TestCases.LoginTest_doLoginTest_byClass_PASS3_details')">doLoginTest(U2
                     
                     ,
                     
                     P2
                     
                     ,
                     
                     Pass
                     
                     ,
                     
                     Chrome
                     
                     ,
                     
                     14835678)
                  </a>
               </td>
               <td nowrap="true">12:37:57</td>
               <td nowrap="true" align="right">0 ms
                  
               </td>
               <td nowrap="true">
                   
                  
               </td>
            </tr>
            <tr>
               <td colspan="4" class="detailsBox">
                  <div id="TestCases.LoginTest_doLoginTest_byClass_PASS3_details"
                       class="testMethodDetails">
                     <div>
                        <b>Name: </b>doLoginTest
                     </div>
                     <div>
                        <b>Signature: </b>doLoginTest(java.lang.String, java.lang.String, java.lang.String, java.lang.String, int)[pri:0, instance:TestCases.LoginTest@546a03af]
                     </div>
                     <div>
                        <b>Parameters: </b>
                        
                        U2
                        
                        ,
                        
                        P2
                        
                        ,
                        
                        Pass
                        
                        ,
                        
                        Chrome
                        
                        ,
                        
                        14835678
                        
                        
                     </div>
                     <div>
                        <b>Start time: </b>12:37:57
                     </div>
                     <div>
                        <b>End time: </b>12:37:57
                     </div>
                     <div>
                        <b>Duration: </b>0 ms
                        
                     </div>
                  </div>
               </td>
            </tr>
            <tr></tr>
            <tr id="TestCases.LoginTest_afterm_byClass_PASS4_row"
                class="testMethodStatusPASS testMethodStatusCONF">
               <td width="100%" class="firstMethodCell">
                  <a onclick="toggleDetailsVisibility('TestCases.LoginTest_afterm_byClass_PASS4_details')">afterm()</a>
               </td>
               <td nowrap="true">12:37:57</td>
               <td nowrap="true" align="right">0 ms
                  
               </td>
               <td nowrap="true">
                   
                  
               </td>
            </tr>
            <tr>
               <td colspan="4" class="detailsBox">
                  <div id="TestCases.LoginTest_afterm_byClass_PASS4_details" class="testMethodDetails">
                     <div>
                        <b>Name: </b>afterm
                     </div>
                     <div>
                        <b>Signature: </b>afterm()[pri:0, instance:TestCases.LoginTest@546a03af]
                     </div>
                     <div>
                        <b>Start time: </b>12:37:57
                     </div>
                     <div>
                        <b>End time: </b>12:37:57
                     </div>
                     <div>
                        <b>Duration: </b>0 ms
                        
                     </div>
                  </div>
               </td>
            </tr>
            <tr></tr>
            <tr id="TestCases.LoginTest_doLoginTest_byClass_PASS5_row"
                class="testMethodStatusPASS">
               <td width="100%" class="firstMethodCell">
                  <a onclick="toggleDetailsVisibility('TestCases.LoginTest_doLoginTest_byClass_PASS5_details')">doLoginTest(U3
                     
                     ,
                     
                     P3
                     
                     ,
                     
                     Fail
                     
                     ,
                     
                     IE
                     
                     ,
                     
                     54875678)
                  </a>
               </td>
               <td nowrap="true">12:37:57</td>
               <td nowrap="true" align="right">0 ms
                  
               </td>
               <td nowrap="true">
                   
                  
               </td>
            </tr>
            <tr>
               <td colspan="4" class="detailsBox">
                  <div id="TestCases.LoginTest_doLoginTest_byClass_PASS5_details"
                       class="testMethodDetails">
                     <div>
                        <b>Name: </b>doLoginTest
                     </div>
                     <div>
                        <b>Signature: </b>doLoginTest(java.lang.String, java.lang.String, java.lang.String, java.lang.String, int)[pri:0, instance:TestCases.LoginTest@546a03af]
                     </div>
                     <div>
                        <b>Parameters: </b>
                        
                        U3
                        
                        ,
                        
                        P3
                        
                        ,
                        
                        Fail
                        
                        ,
                        
                        IE
                        
                        ,
                        
                        54875678
                        
                        
                     </div>
                     <div>
                        <b>Start time: </b>12:37:57
                     </div>
                     <div>
                        <b>End time: </b>12:37:57
                     </div>
                     <div>
                        <b>Duration: </b>0 ms
                        
                     </div>
                  </div>
               </td>
            </tr>
            <tr></tr>
            <tr id="TestCases.LoginTest_afterm_byClass_PASS6_row"
                class="testMethodStatusPASS testMethodStatusCONF">
               <td width="100%" class="firstMethodCell">
                  <a onclick="toggleDetailsVisibility('TestCases.LoginTest_afterm_byClass_PASS6_details')">afterm()</a>
               </td>
               <td nowrap="true">12:37:57</td>
               <td nowrap="true" align="right">0 ms
                  
               </td>
               <td nowrap="true">
                   
                  
               </td>
            </tr>
            <tr>
               <td colspan="4" class="detailsBox">
                  <div id="TestCases.LoginTest_afterm_byClass_PASS6_details" class="testMethodDetails">
                     <div>
                        <b>Name: </b>afterm
                     </div>
                     <div>
                        <b>Signature: </b>afterm()[pri:0, instance:TestCases.LoginTest@546a03af]
                     </div>
                     <div>
                        <b>Start time: </b>12:37:57
                     </div>
                     <div>
                        <b>End time: </b>12:37:57
                     </div>
                     <div>
                        <b>Duration: </b>0 ms
                        
                     </div>
                  </div>
               </td>
            </tr>
            <tr></tr>
         </table>
         <br></br>
         <table class="testMethodsTable" cellpadding="0" cellspacing="0">
            <tr>
               <td colspan="4">
                  <h3 style="display: inline;">TestCases.RegTest</h3>
               </td>
            </tr>
            <tr class="methodsTableHeader">
               <td width="100%">Name</td>
               <td nowrap="true">Started</td>
               <td nowrap="true">Duration</td>
               <td>Exception</td>
            </tr>
            <tr id="TestCases.RegTest_doRegisTest_byClass_FAIL1_row"
                class="testMethodStatusFAIL">
               <td width="100%" class="firstMethodCell">
                  <a onclick="toggleDetailsVisibility('TestCases.RegTest_doRegisTest_byClass_FAIL1_details')">doRegisTest()</a>
               </td>
               <td nowrap="true">12:37:58</td>
               <td nowrap="true" align="right">14 ms
                  
               </td>
               <td nowrap="true">
                  <a onclick="toggleDetailsVisibility('TestCases.RegTest_doRegisTest_byClass_FAIL1_exception')">java.lang.AssertionError: 
                     Error Message
                     
                  </a>
                   
                  
               </td>
            </tr>
            <tr>
               <td colspan="4" class="detailsBox">
                  <div id="TestCases.RegTest_doRegisTest_byClass_FAIL1_details"
                       class="testMethodDetails">
                     <div>
                        <b>Name: </b>doRegisTest
                     </div>
                     <div>
                        <b>Signature: </b>doRegisTest()[pri:0, instance:TestCases.RegTest@256216b3]
                     </div>
                     <div>
                        <b>Start time: </b>12:37:58
                     </div>
                     <div>
                        <b>End time: </b>12:37:58
                     </div>
                     <div>
                        <b>Duration: </b>14 ms
                        
                     </div>
                  </div>
               </td>
            </tr>
            <tr>
               <td colspan="4" class="detailsBox">
                  <div id="TestCases.RegTest_doRegisTest_byClass_FAIL1_exception"
                       class="testMethodDetails">
                     <pre style="padding: 5px; margin: 0;">java.lang.AssertionError: Error Message
                        	at org.testng.Assert.fail(Assert.java:93)
                        	at TestCases.RegTest.doRegisTest(RegTest.java:18)
                        	at sun.reflect.NativeMethodAccessorImpl.invoke0(Native Method)
                        	at sun.reflect.NativeMethodAccessorImpl.invoke(NativeMethodAccessorImpl.java:62)
                        	at sun.reflect.DelegatingMethodAccessorImpl.invoke(DelegatingMethodAccessorImpl.java:43)
                        	at java.lang.reflect.Method.invoke(Method.java:498)
                        	at org.testng.internal.MethodInvocationHelper.invokeMethod(MethodInvocationHelper.java:108)
                        	at org.testng.internal.Invoker.invokeMethod(Invoker.java:661)
                        	at org.testng.internal.Invoker.invokeTestMethod(Invoker.java:869)
                        	at org.testng.internal.Invoker.invokeTestMethods(Invoker.java:1193)
                        	at org.testng.internal.TestMethodWorker.invokeTestMethods(TestMethodWorker.java:126)
                        	at org.testng.internal.TestMethodWorker.run(TestMethodWorker.java:109)
                        	at org.testng.TestRunner.privateRun(TestRunner.java:744)
                        	at org.testng.TestRunner.run(TestRunner.java:602)
                        	at org.testng.SuiteRunner.runTest(SuiteRunner.java:380)
                        	at org.testng.SuiteRunner.runSequentially(SuiteRunner.java:375)
                        	at org.testng.SuiteRunner.privateRun(SuiteRunner.java:340)
                        	at org.testng.SuiteRunner.run(SuiteRunner.java:289)
                        	at org.testng.SuiteRunnerWorker.runSuite(SuiteRunnerWorker.java:52)
                        	at org.testng.SuiteRunnerWorker.run(SuiteRunnerWorker.java:86)
                        	at org.testng.TestNG.runSuitesSequentially(TestNG.java:1301)
                        	at org.testng.TestNG.runSuitesLocally(TestNG.java:1226)
                        	at org.testng.TestNG.runSuites(TestNG.java:1144)
                        	at org.testng.TestNG.run(TestNG.java:1115)
                        	at org.testng.TestNG.privateMain(TestNG.java:1442)
                        	at org.testng.TestNG.main(TestNG.java:1411)
                     </pre>
                  </div>
               </td>
            </tr>
         </table>
         <br></br>
      </div>
      <div style="margin-top: 15px; color: gray; text-align: center; font-size: 9px;">
         Generated with
         
         <a href="http://code.google.com/p/testng-xslt/" style="color: #8888aa;"
            target="_blank">
            TestNG XSLT
            
         </a>
      </div>
   </body>
</html>